<?xml version="1.0" encoding="UTF-8"?>
<robot generator="Robot 3.2.2 (Python 3.9.1 on win32)" generated="20210823 11:59:12.844" rpa="false">
<suite id="s1" name="Labelf General Login" source="C:\Users\sammie\PycharmProjects\Grupp3_Labelf\AutoTests\Tests\labelf_general_login.robot">
<test id="s1-t1" name="Test to log into app.lablef">
<kw name="Begin Web Test" library="keywords_general" type="setup">
<kw name="Open Browser" library="SeleniumLibrary">
<doc>Opens a new browser instance to the optional ``url``.</doc>
<arguments>
<arg>about:blank</arg>
<arg>${BROWSER}</arg>
</arguments>
<msg timestamp="20210823 11:59:13.168" level="INFO">Opening browser 'chrome' to base url 'about:blank'.</msg>
<status status="PASS" starttime="20210823 11:59:13.168" endtime="20210823 11:59:15.489"></status>
</kw>
<kw name="Set Selenium Timeout" library="SeleniumLibrary">
<doc>Sets the timeout that is used by various keywords.</doc>
<arguments>
<arg>10</arg>
</arguments>
<status status="PASS" starttime="20210823 11:59:15.489" endtime="20210823 11:59:15.493"></status>
</kw>
<status status="PASS" starttime="20210823 11:59:13.166" endtime="20210823 11:59:15.494"></status>
</kw>
<kw name="Go to Web Page" library="keywords_general">
<kw name="Load Page" library="keywords_general">
<kw name="Go To" library="SeleniumLibrary">
<doc>Navigates the current browser window to the provided ``url``.</doc>
<arguments>
<arg>${URL}</arg>
</arguments>
<msg timestamp="20210823 11:59:15.517" level="INFO">Opening url 'https://app.labelf.ai/login/'</msg>
<status status="PASS" starttime="20210823 11:59:15.516" endtime="20210823 11:59:18.703"></status>
</kw>
<status status="PASS" starttime="20210823 11:59:15.516" endtime="20210823 11:59:18.703"></status>
</kw>
<kw name="Verify Page Loaded" library="keywords_general">
<kw name="Get Title" library="SeleniumLibrary">
<doc>Returns the title of the current page.</doc>
<assign>
<var>${LINK_TEXT}</var>
</assign>
<msg timestamp="20210823 11:59:18.712" level="INFO">${LINK_TEXT} = Labelf</msg>
<status status="PASS" starttime="20210823 11:59:18.704" endtime="20210823 11:59:18.713"></status>
</kw>
<kw name="Should Be Equal" library="BuiltIn">
<doc>Fails if the given objects are unequal.</doc>
<arguments>
<arg>${LINK_TEXT}</arg>
<arg>Labelf</arg>
</arguments>
<status status="PASS" starttime="20210823 11:59:18.713" endtime="20210823 11:59:18.714"></status>
</kw>
<kw name="Wait Until Page Contains" library="SeleniumLibrary">
<doc>Waits until ``text`` appears on the current page.</doc>
<arguments>
<arg>Labelf</arg>
</arguments>
<status status="PASS" starttime="20210823 11:59:18.714" endtime="20210823 11:59:18.756"></status>
</kw>
<status status="PASS" starttime="20210823 11:59:18.703" endtime="20210823 11:59:18.757"></status>
</kw>
<status status="PASS" starttime="20210823 11:59:15.515" endtime="20210823 11:59:18.757"></status>
</kw>
<kw name="Given that user enters a valid username and password" library="keywords_general">
<kw name="Input Text" library="SeleniumLibrary">
<doc>Types the given ``text`` into the text field identified by ``locator``.</doc>
<arguments>
<arg>xpath://*[@id="app"]/div/main/div/div/div/div/div/div[1]/form/div[1]/div[2]/div[1]/div/input</arg>
<arg>samuelalundborg@gmail.com</arg>
</arguments>
<msg timestamp="20210823 11:59:18.758" level="INFO">Typing text 'samuelalundborg@gmail.com' into text field 'xpath://*[@id="app"]/div/main/div/div/div/div/div/div[1]/form/div[1]/div[2]/div[1]/div/input'.</msg>
<status status="PASS" starttime="20210823 11:59:18.758" endtime="20210823 11:59:19.539"></status>
</kw>
<kw name="Input Text" library="SeleniumLibrary">
<doc>Types the given ``text`` into the text field identified by ``locator``.</doc>
<arguments>
<arg>xpath://*[@id="password"]</arg>
<arg>ITHS</arg>
</arguments>
<msg timestamp="20210823 11:59:19.540" level="INFO">Typing text 'ITHS' into text field 'xpath://*[@id="password"]'.</msg>
<status status="PASS" starttime="20210823 11:59:19.540" endtime="20210823 11:59:19.750"></status>
</kw>
<status status="PASS" starttime="20210823 11:59:18.757" endtime="20210823 11:59:19.751"></status>
</kw>
<kw name="When user presses LOGIN" library="keywords_general">
<kw name="Click Button" library="SeleniumLibrary">
<doc>Clicks the button identified by ``locator``.</doc>
<arguments>
<arg>xpath://*[@id="app"]/div/main/div/div/div/div/div/div[2]/button</arg>
</arguments>
<msg timestamp="20210823 11:59:19.754" level="INFO">Clicking button 'xpath://*[@id="app"]/div/main/div/div/div/div/div/div[2]/button'.</msg>
<status status="PASS" starttime="20210823 11:59:19.753" endtime="20210823 11:59:19.906"></status>
</kw>
<status status="PASS" starttime="20210823 11:59:19.752" endtime="20210823 11:59:19.906"></status>
</kw>
<kw name="Then user should be logged in" library="keywords_general">
<kw name="Wait Until Page Contains" library="SeleniumLibrary">
<doc>Waits until ``text`` appears on the current page.</doc>
<arguments>
<arg>Logged in</arg>
</arguments>
<status status="PASS" starttime="20210823 11:59:19.909" endtime="20210823 11:59:20.387"></status>
</kw>
<kw name="Go To" library="SeleniumLibrary">
<doc>Navigates the current browser window to the provided ``url``.</doc>
<arguments>
<arg>https://app.labelf.ai/main/57/datasets/view</arg>
</arguments>
<msg timestamp="20210823 11:59:20.388" level="INFO">Opening url 'https://app.labelf.ai/main/57/datasets/view'</msg>
<status status="PASS" starttime="20210823 11:59:20.387" endtime="20210823 11:59:21.961"></status>
</kw>
<kw name="Page Should Contain" library="SeleniumLibrary">
<doc>Verifies that current page contains ``text``.</doc>
<arguments>
<arg>Datasets</arg>
</arguments>
<msg timestamp="20210823 11:59:21.987" level="INFO">Current page contains text 'Datasets'.</msg>
<status status="PASS" starttime="20210823 11:59:21.961" endtime="20210823 11:59:21.988"></status>
</kw>
<status status="PASS" starttime="20210823 11:59:19.907" endtime="20210823 11:59:21.988"></status>
</kw>
<kw name="End Web Test" library="keywords_general" type="teardown">
<kw name="Close Browser" library="SeleniumLibrary">
<doc>Closes the current browser.</doc>
<status status="PASS" starttime="20210823 11:59:21.990" endtime="20210823 11:59:24.412"></status>
</kw>
<status status="PASS" starttime="20210823 11:59:21.989" endtime="20210823 11:59:24.413"></status>
</kw>
<doc>Test to verify the login-page works</doc>
<tags>
<tag>JiraTag</tag>
</tags>
<status status="PASS" starttime="20210823 11:59:13.165" endtime="20210823 11:59:24.414" critical="yes"></status>
</test>
<doc>Testar Selenium och RobotFramework</doc>
<status status="PASS" starttime="20210823 11:59:12.847" endtime="20210823 11:59:24.423"></status>
</suite>
<statistics>
<total>
<stat pass="1" fail="0">Critical Tests</stat>
<stat pass="1" fail="0">All Tests</stat>
</total>
<tag>
<stat pass="1" fail="0">JiraTag</stat>
</tag>
<suite>
<stat pass="1" fail="0" id="s1" name="Labelf General Login">Labelf General Login</stat>
</suite>
</statistics>
<errors>
</errors>
</robot>
